<?xml version="1.0" encoding="UTF-8" ?>
<testsuite failures="0" time="0.172" errors="0" skipped="0" tests="1" name="com.ghag.rnd.maven.sample.AppTest">
  <properties>
    <property name="java.runtime.name" value="Java(TM) SE Runtime Environment"/>
    <property name="sun.boot.library.path" value="D:\jdk1_6_0_29\jre\bin"/>
    <property name="java.vm.version" value="20.4-b02"/>
    <property name="java.vm.vendor" value="Sun Microsystems Inc."/>
    <property name="java.vendor.url" value="http://java.sun.com/"/>
    <property name="path.separator" value=";"/>
    <property name="java.vm.name" value="Java HotSpot(TM) Client VM"/>
    <property name="file.encoding.pkg" value="sun.io"/>
    <property name="user.country" value="GB"/>
    <property name="sun.java.launcher" value="SUN_STANDARD"/>
    <property name="sun.os.patch.level" value="Service Pack 3"/>
    <property name="java.vm.specification.name" value="Java Virtual Machine Specification"/>
    <property name="user.dir" value="D:\ganeshghag\dev\my-app"/>
    <property name="java.runtime.version" value="1.6.0_29-b11"/>
    <property name="java.awt.graphicsenv" value="sun.awt.Win32GraphicsEnvironment"/>
    <property name="basedir" value="D:\ganeshghag\dev\my-app"/>
    <property name="java.endorsed.dirs" value="D:\jdk1_6_0_29\jre\lib\endorsed"/>
    <property name="os.arch" value="x86"/>
    <property name="surefire.real.class.path" value="C:\DOCUME~1\ganeshmg\LOCALS~1\Temp\surefirebooter1891762142122629015.jar"/>
    <property name="java.io.tmpdir" value="C:\DOCUME~1\ganeshmg\LOCALS~1\Temp\"/>
    <property name="line.separator" value="
"/>
    <property name="java.vm.specification.vendor" value="Sun Microsystems Inc."/>
    <property name="user.variant" value=""/>
    <property name="os.name" value="Windows XP"/>
    <property name="sun.jnu.encoding" value="Cp1252"/>
    <property name="java.library.path" value="D:\jdk1_6_0_29\jre\bin;C:\WINDOWS\Sun\Java\bin;C:\WINDOWS\system32;C:\WINDOWS;D:\Ruby187\bin;D:\oraclexe\app\oracle\product\11.2.0\server\bin;C:\WINDOWS\system32;C:\WINDOWS;C:\WINDOWS\System32\Wbem;C:\Program Files\Common Files\Lenovo;C:\Program Files\ATI Technologies\ATI.ACE\Core-Static;C:\Program Files\ThinkPad Wireless LAN Adapter Software;C:\Program Files\ThinkPad\ConnectUtilities;C:\Program Files\TortoiseSVN\bin;C:\WINDOWS\system32\WindowsPowerShell\v1.0;C:\Program Files\Microsoft SQL Server\100\Tools\Binn\;C:\Program Files\Microsoft SQL Server\100\DTS\Binn\;C:\Program Files\Microsoft SQL Server\100\Tools\Binn\VSShell\Common7\IDE\;D:\jdk1_6_0_29\bin;D:\ganeshghag\dev\installs\jtds\x86\SSO;D:\ganeshghag\dev\installs\springsource\maven-2.2.1.RELEASE\bin;D:\ganeshghag\dev\installs\springsource\roo-1.1.0.RELEASE\bin;D:\ganeshghag\dev\installs1\groovy-2.0.0\bin;C:\Program Files\Windows Imaging\;D:\ganeshghag\apache-ant-1.7.0\bin;D:\ganeshghag\dev\installs\apache-cxf-2.3.3\bin;D:\mule-enterprise-standalone-2.2.6\bin;D:\ganeshghag\dev\installs1\grails-2.2.1\bin;D:\Android\android-sdk\platform-tools;D:\IBM\SQLLIB\BIN;D:\IBM\SQLLIB\FUNCTION;D:\IBM\SQLLIB\SAMPLES\REPL;D:\ganeshghag\dev\installs1\play-2.0;D:\ganeshghag\dev\installs1\php_5_4_4;D:\ganeshghag\dev\installs1\curl-7.26.0-ssl-sspi-zlib-static-bin-w32;C:\Program Files\nodejs\;D:\ganeshghag\dev\backup;D:\RubyDevKit\bin;C:\Documents and Settings\ganeshmg\Application Data\npm\;."/>
    <property name="surefire.test.class.path" value="D:\ganeshghag\dev\my-app\target\test-classes;D:\ganeshghag\dev\my-app\target\classes;C:\Documents and Settings\ganeshmg\.m2\repository\junit\junit\3.8.1\junit-3.8.1.jar;"/>
    <property name="java.specification.name" value="Java Platform API Specification"/>
    <property name="java.class.version" value="50.0"/>
    <property name="sun.management.compiler" value="HotSpot Client Compiler"/>
    <property name="os.version" value="5.1"/>
    <property name="user.home" value="C:\Documents and Settings\ganeshmg"/>
    <property name="user.timezone" value=""/>
    <property name="java.awt.printerjob" value="sun.awt.windows.WPrinterJob"/>
    <property name="java.specification.version" value="1.6"/>
    <property name="file.encoding" value="Cp1252"/>
    <property name="user.name" value="ganeshmg"/>
    <property name="java.class.path" value="D:\ganeshghag\dev\my-app\target\test-classes;D:\ganeshghag\dev\my-app\target\classes;C:\Documents and Settings\ganeshmg\.m2\repository\junit\junit\3.8.1\junit-3.8.1.jar;"/>
    <property name="java.vm.specification.version" value="1.0"/>
    <property name="sun.arch.data.model" value="32"/>
    <property name="java.home" value="D:\jdk1_6_0_29\jre"/>
    <property name="sun.java.command" value="C:\DOCUME~1\ganeshmg\LOCALS~1\Temp\surefirebooter1891762142122629015.jar C:\DOCUME~1\ganeshmg\LOCALS~1\Temp\surefire5921628599538206820tmp C:\DOCUME~1\ganeshmg\LOCALS~1\Temp\surefire3494797784595917979tmp"/>
    <property name="java.specification.vendor" value="Sun Microsystems Inc."/>
    <property name="user.language" value="en"/>
    <property name="awt.toolkit" value="sun.awt.windows.WToolkit"/>
    <property name="java.vm.info" value="mixed mode, sharing"/>
    <property name="java.version" value="1.6.0_29"/>
    <property name="java.ext.dirs" value="D:\jdk1_6_0_29\jre\lib\ext;C:\WINDOWS\Sun\Java\lib\ext"/>
    <property name="sun.boot.class.path" value="D:\jdk1_6_0_29\jre\lib\resources.jar;D:\jdk1_6_0_29\jre\lib\rt.jar;D:\jdk1_6_0_29\jre\lib\sunrsasign.jar;D:\jdk1_6_0_29\jre\lib\jsse.jar;D:\jdk1_6_0_29\jre\lib\jce.jar;D:\jdk1_6_0_29\jre\lib\charsets.jar;D:\jdk1_6_0_29\jre\lib\modules\jdk.boot.jar;D:\jdk1_6_0_29\jre\classes"/>
    <property name="java.vendor" value="Sun Microsystems Inc."/>
    <property name="localRepository" value="C:\Documents and Settings\ganeshmg\.m2\repository"/>
    <property name="file.separator" value="\"/>
    <property name="java.vendor.url.bug" value="http://java.sun.com/cgi-bin/bugreport.cgi"/>
    <property name="sun.cpu.endian" value="little"/>
    <property name="sun.io.unicode.encoding" value="UnicodeLittle"/>
    <property name="sun.desktop" value="windows"/>
    <property name="sun.cpu.isalist" value="pentium_pro+mmx pentium_pro pentium+mmx pentium i486 i386 i86"/>
  </properties>
  <testcase time="0" classname="com.ghag.rnd.maven.sample.AppTest" name="testApp"/>
</testsuite>